# JRE version: OpenJDK Runtime Environment (17.0.10) (build 17.0.10+0--11572160)
# Java VM: OpenJDK 64-Bit Server VM (17.0.10+0--11572160, mixed mode, tiered, compressed oops, compressed class ptrs, g1 gc, windows-amd64)
GC Precious Log:
 CPUs: 12 total, 12 available
 Memory: 7583M
 Large Page Support: Disabled
 NUMA Support: Disabled
 Compressed Oops: Enabled (32-bit)
 Heap Region Size: 1M
 Heap Min Capacity: 8M
 Heap Initial Capacity: 120M
 Heap Max Capacity: 2G
 Pre-touch: Disabled
 Parallel Workers: 10
 Concurrent Workers: 3
 Concurrent Refinement Workers: 10
 Periodic GC: Disabled
Heap:
 garbage-first heap   total 317440K, used 142964K [0x0000000080000000, 0x0000000100000000)
  region size 1024K, 2 young (2048K), 2 survivors (2048K)
 Metaspace       used 138591K, committed 139776K, reserved 1179648K
  class space    used 19749K, committed 20288K, reserved 1048576K
GC Heap History (20 events):
Event: 416.493 GC heap after
{Heap after GC invocations=54 (full 0):
 garbage-first heap   total 271360K, used 133288K [0x0000000080000000, 0x0000000100000000)
  region size 1024K, 1 young (1024K), 1 survivors (1024K)
 Metaspace       used 128542K, committed 129536K, reserved 1179648K
  class space    used 18139K, committed 18624K, reserved 1048576K
}
Event: 417.354 GC heap before
{Heap before GC invocations=54 (full 0):
 garbage-first heap   total 271360K, used 223400K [0x0000000080000000, 0x0000000100000000)
  region size 1024K, 90 young (92160K), 1 survivors (1024K)
 Metaspace       used 134317K, committed 135424K, reserved 1179648K
  class space    used 19229K, committed 19776K, reserved 1048576K
}
Event: 417.361 GC heap after
{Heap after GC invocations=55 (full 0):
 garbage-first heap   total 271360K, used 135571K [0x0000000080000000, 0x0000000100000000)
  region size 1024K, 3 young (3072K), 3 survivors (3072K)
 Metaspace       used 134317K, committed 135424K, reserved 1179648K
  class space    used 19229K, committed 19776K, reserved 1048576K
}
Event: 647.733 GC heap before
{Heap before GC invocations=56 (full 0):
 garbage-first heap   total 271360K, used 244115K [0x0000000080000000, 0x0000000100000000)
  region size 1024K, 93 young (95232K), 3 survivors (3072K)
 Metaspace       used 137401K, committed 138496K, reserved 1179648K
  class space    used 19668K, committed 20224K, reserved 1048576K
}
Event: 647.927 GC heap after
{Heap after GC invocations=57 (full 0):
 garbage-first heap   total 271360K, used 141421K [0x0000000080000000, 0x0000000100000000)
  region size 1024K, 9 young (9216K), 9 survivors (9216K)
 Metaspace       used 137401K, committed 138496K, reserved 1179648K
  class space    used 19668K, committed 20224K, reserved 1048576K
}
Event: 652.783 GC heap before
{Heap before GC invocations=57 (full 0):
 garbage-first heap   total 271360K, used 144493K [0x0000000080000000, 0x0000000100000000)
  region size 1024K, 13 young (13312K), 9 survivors (9216K)
 Metaspace       used 137430K, committed 138560K, reserved 1179648K
  class space    used 19671K, committed 20224K, reserved 1048576K
}
Event: 653.037 GC heap after
{Heap after GC invocations=58 (full 0):
 garbage-first heap   total 271360K, used 140572K [0x0000000080000000, 0x0000000100000000)
  region size 1024K, 2 young (2048K), 2 survivors (2048K)
 Metaspace       used 137430K, committed 138560K, reserved 1179648K
  class space    used 19671K, committed 20224K, reserved 1048576K
}
Event: 658.471 GC heap before
{Heap before GC invocations=58 (full 0):
 garbage-first heap   total 271360K, used 194844K [0x0000000080000000, 0x0000000100000000)
  region size 1024K, 56 young (57344K), 2 survivors (2048K)
 Metaspace       used 137735K, committed 138816K, reserved 1179648K
  class space    used 19700K, committed 20224K, reserved 1048576K
}
Event: 658.526 GC heap after
{Heap after GC invocations=59 (full 0):
 garbage-first heap   total 271360K, used 145178K [0x0000000080000000, 0x0000000100000000)
  region size 1024K, 7 young (7168K), 7 survivors (7168K)
 Metaspace       used 137735K, committed 138816K, reserved 1179648K
  class space    used 19700K, committed 20224K, reserved 1048576K
}
Event: 1602.591 GC heap before
{Heap before GC invocations=60 (full 0):
 garbage-first heap   total 317440K, used 279322K [0x0000000080000000, 0x0000000100000000)
  region size 1024K, 82 young (83968K), 7 survivors (7168K)
 Metaspace       used 138035K, committed 139072K, reserved 1179648K
  class space    used 19704K, committed 20224K, reserved 1048576K
}
Event: 1602.733 GC heap after
{Heap after GC invocations=61 (full 0):
 garbage-first heap   total 317440K, used 148845K [0x0000000080000000, 0x0000000100000000)
  region size 1024K, 10 young (10240K), 10 survivors (10240K)
 Metaspace       used 138035K, committed 139072K, reserved 1179648K
  class space    used 19704K, committed 20224K, reserved 1048576K
}
Event: 1602.957 GC heap before
{Heap before GC invocations=61 (full 0):
 garbage-first heap   total 317440K, used 153965K [0x0000000080000000, 0x0000000100000000)
  region size 1024K, 15 young (15360K), 10 survivors (10240K)
 Metaspace       used 138079K, committed 139136K, reserved 1179648K
  class space    used 19706K, committed 20224K, reserved 1048576K
}
Event: 1603.055 GC heap after
{Heap after GC invocations=62 (full 0):
 garbage-first heap   total 317440K, used 140902K [0x0000000080000000, 0x0000000100000000)
  region size 1024K, 2 young (2048K), 2 survivors (2048K)
 Metaspace       used 138079K, committed 139136K, reserved 1179648K
  class space    used 19706K, committed 20224K, reserved 1048576K
}
Event: 1710.738 GC heap before
{Heap before GC invocations=62 (full 0):
 garbage-first heap   total 317440K, used 256614K [0x0000000080000000, 0x0000000100000000)
  region size 1024K, 116 young (118784K), 2 survivors (2048K)
 Metaspace       used 138493K, committed 139648K, reserved 1179648K
  class space    used 19747K, committed 20288K, reserved 1048576K
}
Event: 1711.098 GC heap after
{Heap after GC invocations=63 (full 0):
 garbage-first heap   total 317440K, used 145563K [0x0000000080000000, 0x0000000100000000)
  region size 1024K, 7 young (7168K), 7 survivors (7168K)
 Metaspace       used 138493K, committed 139648K, reserved 1179648K
  class space    used 19747K, committed 20288K, reserved 1048576K
}
Event: 1728.360 GC heap before
{Heap before GC invocations=64 (full 0):
 garbage-first heap   total 317440K, used 160923K [0x0000000080000000, 0x0000000100000000)
  region size 1024K, 22 young (22528K), 7 survivors (7168K)
 Metaspace       used 138527K, committed 139648K, reserved 1179648K
  class space    used 19747K, committed 20288K, reserved 1048576K
}
Event: 1728.407 GC heap after
{Heap after GC invocations=65 (full 0):
 garbage-first heap   total 317440K, used 148822K [0x0000000080000000, 0x0000000100000000)
  region size 1024K, 3 young (3072K), 3 survivors (3072K)
 Metaspace       used 138527K, committed 139648K, reserved 1179648K
  class space    used 19747K, committed 20288K, reserved 1048576K
}
Event: 1730.062 GC heap before
{Heap before GC invocations=65 (full 0):
 garbage-first heap   total 317440K, used 160086K [0x0000000080000000, 0x0000000100000000)
  region size 1024K, 15 young (15360K), 3 survivors (3072K)
 Metaspace       used 138552K, committed 139712K, reserved 1179648K
  class space    used 19747K, committed 20288K, reserved 1048576K
}
Event: 1730.528 GC heap after
{Heap after GC invocations=66 (full 0):
 garbage-first heap   total 317440K, used 142114K [0x0000000080000000, 0x0000000100000000)
  region size 1024K, 2 young (2048K), 2 survivors (2048K)
 Metaspace       used 138552K, committed 139712K, reserved 1179648K
  class space    used 19747K, committed 20288K, reserved 1048576K
}
Event: 1731.235 GC heap before
{Heap before GC invocations=66 (full 0):
 garbage-first heap   total 317440K, used 155426K [0x0000000080000000, 0x0000000100000000)
  region size 1024K, 15 young (15360K), 2 survivors (2048K)
 Metaspace       used 138591K, committed 139776K, reserved 1179648K
  class space    used 19749K, committed 20288K, reserved 1048576K
}

