# JRE version: OpenJDK Runtime Environment (17.0.10) (build 17.0.10+0--11572160)
# Java VM: OpenJDK 64-Bit Server VM (17.0.10+0--11572160, mixed mode, tiered, compressed oops, compressed class ptrs, g1 gc, windows-amd64)
GC Precious Log:
 CPUs: 12 total, 12 available
 Memory: 7583M
 Large Page Support: Disabled
 NUMA Support: Disabled
 Compressed Oops: Enabled (32-bit)
 Heap Region Size: 1M
 Heap Min Capacity: 8M
 Heap Initial Capacity: 120M
 Heap Max Capacity: 2G
 Pre-touch: Disabled
 Parallel Workers: 10
 Concurrent Workers: 3
 Concurrent Refinement Workers: 10
 Periodic GC: Disabled
Heap:
 garbage-first heap   total 368640K, used 205983K [0x0000000080000000, 0x0000000100000000)
  region size 1024K, 10 young (10240K), 10 survivors (10240K)
 Metaspace       used 181969K, committed 184512K, reserved 1245184K
  class space    used 24536K, committed 25792K, reserved 1048576K
GC Heap History (20 events):
Event: 23828.101 GC heap after
{Heap after GC invocations=190 (full 6):
 garbage-first heap   total 331776K, used 181812K [0x0000000080000000, 0x0000000100000000)
  region size 1024K, 2 young (2048K), 2 survivors (2048K)
 Metaspace       used 172407K, committed 174720K, reserved 1245184K
  class space    used 23367K, committed 24512K, reserved 1048576K
}
Event: 23831.500 GC heap before
{Heap before GC invocations=190 (full 6):
 garbage-first heap   total 331776K, used 271924K [0x0000000080000000, 0x0000000100000000)
  region size 1024K, 90 young (92160K), 2 survivors (2048K)
 Metaspace       used 172407K, committed 174720K, reserved 1245184K
  class space    used 23367K, committed 24512K, reserved 1048576K
}
Event: 23831.508 GC heap after
{Heap after GC invocations=191 (full 6):
 garbage-first heap   total 331776K, used 184884K [0x0000000080000000, 0x0000000100000000)
  region size 1024K, 5 young (5120K), 5 survivors (5120K)
 Metaspace       used 172407K, committed 174720K, reserved 1245184K
  class space    used 23367K, committed 24512K, reserved 1048576K
}
Event: 23837.165 GC heap before
{Heap before GC invocations=191 (full 6):
 garbage-first heap   total 331776K, used 273972K [0x0000000080000000, 0x0000000100000000)
  region size 1024K, 92 young (94208K), 5 survivors (5120K)
 Metaspace       used 172408K, committed 174720K, reserved 1245184K
  class space    used 23367K, committed 24512K, reserved 1048576K
}
Event: 23837.176 GC heap after
{Heap after GC invocations=192 (full 6):
 garbage-first heap   total 331776K, used 188649K [0x0000000080000000, 0x0000000100000000)
  region size 1024K, 9 young (9216K), 9 survivors (9216K)
 Metaspace       used 172408K, committed 174720K, reserved 1245184K
  class space    used 23367K, committed 24512K, reserved 1048576K
}
Event: 23841.271 GC heap before
{Heap before GC invocations=192 (full 6):
 garbage-first heap   total 331776K, used 274665K [0x0000000080000000, 0x0000000100000000)
  region size 1024K, 93 young (95232K), 9 survivors (9216K)
 Metaspace       used 172408K, committed 174720K, reserved 1245184K
  class space    used 23367K, committed 24512K, reserved 1048576K
}
Event: 23841.327 GC heap after
{Heap after GC invocations=193 (full 6):
 garbage-first heap   total 331776K, used 193039K [0x0000000080000000, 0x0000000100000000)
  region size 1024K, 10 young (10240K), 10 survivors (10240K)
 Metaspace       used 172408K, committed 174720K, reserved 1245184K
  class space    used 23367K, committed 24512K, reserved 1048576K
}
Event: 23844.865 GC heap before
{Heap before GC invocations=194 (full 6):
 garbage-first heap   total 368640K, used 265743K [0x0000000080000000, 0x0000000100000000)
  region size 1024K, 91 young (93184K), 10 survivors (10240K)
 Metaspace       used 172408K, committed 174720K, reserved 1245184K
  class space    used 23367K, committed 24512K, reserved 1048576K
}
Event: 23844.891 GC heap after
{Heap after GC invocations=195 (full 6):
 garbage-first heap   total 368640K, used 186345K [0x0000000080000000, 0x0000000100000000)
  region size 1024K, 10 young (10240K), 10 survivors (10240K)
 Metaspace       used 172408K, committed 174720K, reserved 1245184K
  class space    used 23367K, committed 24512K, reserved 1048576K
}
Event: 23844.966 GC heap before
{Heap before GC invocations=195 (full 6):
 garbage-first heap   total 368640K, used 194537K [0x0000000080000000, 0x0000000100000000)
  region size 1024K, 18 young (18432K), 10 survivors (10240K)
 Metaspace       used 172408K, committed 174720K, reserved 1245184K
  class space    used 23367K, committed 24512K, reserved 1048576K
}
Event: 23845.204 GC heap after
{Heap after GC invocations=196 (full 6):
 garbage-first heap   total 368640K, used 184898K [0x0000000080000000, 0x0000000100000000)
  region size 1024K, 3 young (3072K), 3 survivors (3072K)
 Metaspace       used 172408K, committed 174720K, reserved 1245184K
  class space    used 23367K, committed 24512K, reserved 1048576K
}
Event: 23847.494 GC heap before
{Heap before GC invocations=196 (full 6):
 garbage-first heap   total 368640K, used 298562K [0x0000000080000000, 0x0000000100000000)
  region size 1024K, 114 young (116736K), 3 survivors (3072K)
 Metaspace       used 172408K, committed 174720K, reserved 1245184K
  class space    used 23367K, committed 24512K, reserved 1048576K
}
Event: 23847.502 GC heap after
{Heap after GC invocations=197 (full 6):
 garbage-first heap   total 368640K, used 188486K [0x0000000080000000, 0x0000000100000000)
  region size 1024K, 7 young (7168K), 7 survivors (7168K)
 Metaspace       used 172408K, committed 174720K, reserved 1245184K
  class space    used 23367K, committed 24512K, reserved 1048576K
}
Event: 23851.091 GC heap before
{Heap before GC invocations=197 (full 6):
 garbage-first heap   total 368640K, used 279622K [0x0000000080000000, 0x0000000100000000)
  region size 1024K, 98 young (100352K), 7 survivors (7168K)
 Metaspace       used 173304K, committed 175680K, reserved 1245184K
  class space    used 23481K, committed 24640K, reserved 1048576K
}
Event: 23851.130 GC heap after
{Heap after GC invocations=198 (full 6):
 garbage-first heap   total 368640K, used 192066K [0x0000000080000000, 0x0000000100000000)
  region size 1024K, 10 young (10240K), 10 survivors (10240K)
 Metaspace       used 173304K, committed 175680K, reserved 1245184K
  class space    used 23481K, committed 24640K, reserved 1048576K
}
Event: 23857.728 GC heap before
{Heap before GC invocations=199 (full 6):
 garbage-first heap   total 368640K, used 304706K [0x0000000080000000, 0x0000000100000000)
  region size 1024K, 118 young (120832K), 10 survivors (10240K)
 Metaspace       used 179888K, committed 182272K, reserved 1245184K
  class space    used 24278K, committed 25472K, reserved 1048576K
}
Event: 23857.808 GC heap after
{Heap after GC invocations=200 (full 6):
 garbage-first heap   total 368640K, used 199540K [0x0000000080000000, 0x0000000100000000)
  region size 1024K, 13 young (13312K), 13 survivors (13312K)
 Metaspace       used 179888K, committed 182272K, reserved 1245184K
  class space    used 24278K, committed 25472K, reserved 1048576K
}
Event: 23857.863 GC heap before
{Heap before GC invocations=200 (full 6):
 garbage-first heap   total 368640K, used 203636K [0x0000000080000000, 0x0000000100000000)
  region size 1024K, 18 young (18432K), 13 survivors (13312K)
 Metaspace       used 180221K, committed 182656K, reserved 1245184K
  class space    used 24324K, committed 25536K, reserved 1048576K
}
Event: 23857.901 GC heap after
{Heap after GC invocations=201 (full 6):
 garbage-first heap   total 368640K, used 198375K [0x0000000080000000, 0x0000000100000000)
  region size 1024K, 3 young (3072K), 3 survivors (3072K)
 Metaspace       used 180221K, committed 182656K, reserved 1245184K
  class space    used 24324K, committed 25536K, reserved 1048576K
}
Event: 23925.202 GC heap before
{Heap before GC invocations=201 (full 6):
 garbage-first heap   total 368640K, used 302823K [0x0000000080000000, 0x0000000100000000)
  region size 1024K, 105 young (107520K), 3 survivors (3072K)
 Metaspace       used 181969K, committed 184512K, reserved 1245184K
  class space    used 24536K, committed 25792K, reserved 1048576K
}

